<?xml version="1.0" encoding="UTF-8"?>
<!-- Generated by org.testng.reporters.JUnitReportReporter -->
<testsuite hostname="DVKC73-02" name="calc.ParserSpecification" tests="4" failures="0" timestamp="18 Mar 2016 08:16:20 GMT" time="0.036" errors="0">
  <testcase name="shouldParseInputCorrectly" time="0.036" classname="calc.ParserSpecification"/>
  <testcase name="shouldParseInputCorrectly" time="0.000" classname="calc.ParserSpecification"/>
  <testcase name="shouldParseInputCorrectly" time="0.000" classname="calc.ParserSpecification"/>
  <testcase name="shouldParseInputCorrectly" time="0.000" classname="calc.ParserSpecification"/>
</testsuite> <!-- calc.ParserSpecification -->
