<?xml version="1.0" encoding="UTF-8"?>
<!-- Generated by org.testng.reporters.JUnitReportReporter -->
<testsuite hostname="DVKC73-02" name="calc.TokenizerSpecification" tests="16" failures="0" timestamp="18 Mar 2016 07:32:59 GMT" time="0.108" errors="0">
  <testcase name="shouldTokenizeOperatorsAsSuch" time="0.000" classname="calc.TokenizerSpecification"/>
  <testcase name="shouldTokenizeOperatorsAsSuch" time="0.000" classname="calc.TokenizerSpecification"/>
  <testcase name="shouldProperlyTokenizeStrings" time="0.000" classname="calc.TokenizerSpecification"/>
  <testcase name="shouldProperlyTokenizeStrings" time="0.000" classname="calc.TokenizerSpecification"/>
  <testcase name="shouldTokenizeOperatorsAsSuch" time="0.000" classname="calc.TokenizerSpecification"/>
  <testcase name="shouldTokenizeOperatorsAsSuch" time="0.000" classname="calc.TokenizerSpecification"/>
  <testcase name="shouldTokenizeIntegersAsNumbers" time="0.000" classname="calc.TokenizerSpecification"/>
  <testcase name="shouldTokenizeOperatorsAsSuch" time="0.000" classname="calc.TokenizerSpecification"/>
  <testcase name="shouldTokenizeOperatorsAsSuch" time="0.000" classname="calc.TokenizerSpecification"/>
  <testcase name="shouldTokenizeOperatorsAsSuch" time="0.000" classname="calc.TokenizerSpecification"/>
  <testcase name="shouldProperlyTokenizeStrings" time="0.000" classname="calc.TokenizerSpecification"/>
  <testcase name="shouldTokenizeOperatorsAsSuch" time="0.000" classname="calc.TokenizerSpecification"/>
  <testcase name="shouldProperlyTokenizeStrings" time="0.108" classname="calc.TokenizerSpecification"/>
  <testcase name="shouldTokenizeOperatorsAsSuch" time="0.000" classname="calc.TokenizerSpecification"/>
  <testcase name="shouldTokenizeIntegersAsNumbers" time="0.000" classname="calc.TokenizerSpecification"/>
  <testcase name="shouldTokenizeOperatorsAsSuch" time="0.000" classname="calc.TokenizerSpecification"/>
</testsuite> <!-- calc.TokenizerSpecification -->
